<?xml version="1.0" encoding="UTF-8"?>
<!-- Generated by org.testng.reporters.JUnitXMLReporter -->
<testsuite ignored="0" hostname="5nroor063" failures="0" tests="4" name="test" time="27.495" errors="0" timestamp="2024-06-27T10:42:58 OESZ">
  <testcase classname="tests.DataProviderClassHome" name="searchAndAssertBookCategories" time="4.759"/>
  <testcase classname="tests.DataProviderClassHome" name="searchAndAssertBookCategories" time="4.452"/>
  <testcase classname="tests.DataProviderClassHome" name="searchAndAssertBookCategories" time="4.527"/>
  <testcase classname="tests.DataProviderClassHome" name="searchAndAssertBookCategories" time="4.511"/>
</testsuite> <!-- test -->
