<?xml version="1.0" encoding="UTF-8"?>
<testng-results ignored="0" total="1" passed="1" failed="0" skipped="0">
  <reporter-output>
  </reporter-output>
  <suite started-at="2024-06-05T19:40:23 MESZ" name="Default suite" finished-at="2024-06-05T19:40:36 MESZ" duration-ms="12225">
    <groups>
    </groups>
    <test started-at="2024-06-05T19:40:23 MESZ" name="Default test" finished-at="2024-06-05T19:40:36 MESZ" duration-ms="12225">
      <class name="tests.XpathExample2">
        <test-method is-config="true" signature="setup()[pri:0, instance:tests.XpathExample2@54bff557]" started-at="2024-06-05T19:40:24 MESZ" name="setup" finished-at="2024-06-05T19:40:27 MESZ" duration-ms="3542" status="PASS">
          <reporter-output>
          </reporter-output>
        </test-method> <!-- setup -->
        <test-method signature="xpathExampleTest()[pri:0, instance:tests.XpathExample2@54bff557]" started-at="2024-06-05T19:40:27 MESZ" name="xpathExampleTest" finished-at="2024-06-05T19:40:30 MESZ" duration-ms="3423" status="PASS">
          <reporter-output>
          </reporter-output>
        </test-method> <!-- xpathExampleTest -->
        <test-method is-config="true" signature="tearDown()[pri:0, instance:tests.XpathExample2@54bff557]" started-at="2024-06-05T19:40:30 MESZ" name="tearDown" finished-at="2024-06-05T19:40:36 MESZ" duration-ms="5230" status="PASS">
          <reporter-output>
          </reporter-output>
        </test-method> <!-- tearDown -->
      </class> <!-- tests.XpathExample2 -->
    </test> <!-- Default test -->
  </suite> <!-- Default suite -->
</testng-results>
