<?xml version="1.0" encoding="UTF-8"?>
<testng-results ignored="0" total="1" passed="1" failed="0" skipped="0">
  <reporter-output>
  </reporter-output>
  <suite started-at="2024-06-09T15:39:44 MESZ" name="Default suite" finished-at="2024-06-09T15:40:11 MESZ" duration-ms="26979">
    <groups>
    </groups>
    <test started-at="2024-06-09T15:39:44 MESZ" name="Default test" finished-at="2024-06-09T15:40:11 MESZ" duration-ms="26979">
      <class name="tests.ShopNewReleasesTest">
        <test-method is-config="true" signature="setup()[pri:0, instance:tests.ShopNewReleasesTest@54bff557]" started-at="2024-06-09T15:39:44 MESZ" name="setup" finished-at="2024-06-09T15:39:49 MESZ" duration-ms="5024" status="PASS">
          <reporter-output>
          </reporter-output>
        </test-method> <!-- setup -->
        <test-method signature="searchBook()[pri:0, instance:tests.ShopNewReleasesTest@54bff557]" started-at="2024-06-09T15:39:49 MESZ" name="searchBook" finished-at="2024-06-09T15:40:05 MESZ" duration-ms="16707" status="PASS">
          <reporter-output>
          </reporter-output>
        </test-method> <!-- searchBook -->
        <test-method is-config="true" signature="tearDown()[pri:0, instance:tests.ShopNewReleasesTest@54bff557]" started-at="2024-06-09T15:40:05 MESZ" name="tearDown" finished-at="2024-06-09T15:40:11 MESZ" duration-ms="5224" status="PASS">
          <reporter-output>
          </reporter-output>
        </test-method> <!-- tearDown -->
      </class> <!-- tests.ShopNewReleasesTest -->
    </test> <!-- Default test -->
  </suite> <!-- Default suite -->
</testng-results>
