<?xml version="1.0" encoding="UTF-8"?>
<testng-results ignored="0" total="4" passed="4" failed="0" skipped="0">
  <reporter-output>
  </reporter-output>
  <suite started-at="2024-06-27T10:42:30 OESZ" name="Suite1" finished-at="2024-06-27T10:42:58 OESZ" duration-ms="27495">
    <groups>
    </groups>
    <test started-at="2024-06-27T10:42:30 OESZ" name="test" finished-at="2024-06-27T10:42:58 OESZ" duration-ms="27495">
      <class name="tests.DataProviderClassHome">
        <test-method is-config="true" signature="setup(java.lang.String)[pri:0, instance:tests.DataProviderClassHome@7bab3f1a]" started-at="2024-06-27T10:42:30 OESZ" name="setup" finished-at="2024-06-27T10:42:34 OESZ" duration-ms="4028" status="PASS">
          <params>
            <param index="0">
              <value>
                <![CDATA[https://keybooks.ro]]>
              </value>
            </param>
          </params>
          <reporter-output>
          </reporter-output>
        </test-method> <!-- setup -->
        <test-method signature="searchAndAssertBookCategories(java.lang.String,java.lang.String)[pri:0, instance:tests.DataProviderClassHome@7bab3f1a]" started-at="2024-06-27T10:42:34 OESZ" name="searchAndAssertBookCategories" data-provider="booksDataProviderHome" finished-at="2024-06-27T10:42:39 OESZ" duration-ms="4759" status="PASS">
          <params>
            <param index="0">
              <value>
                <![CDATA[https://keybooks.ro/shop/a-banquet-of-mouse/]]>
              </value>
            </param>
            <param index="1">
              <value>
                <![CDATA[Romans]]>
              </value>
            </param>
          </params>
          <reporter-output>
          </reporter-output>
        </test-method> <!-- searchAndAssertBookCategories -->
        <test-method is-config="true" signature="recordFailure(org.testng.ITestResult)[pri:0, instance:tests.DataProviderClassHome@7bab3f1a]" started-at="2024-06-27T10:42:39 OESZ" name="recordFailure" finished-at="2024-06-27T10:42:39 OESZ" duration-ms="1" status="PASS">
          <params>
            <param index="0">
              <value>
                <![CDATA[[TestResult name=searchAndAssertBookCategories status=SUCCESS method=DataProviderClassHome.searchAndAssertBookCategories(java.lang.String,java.lang.String)[pri:0, instance:tests.DataProviderClassHome@7bab3f1a] output={null}]]]>
              </value>
            </param>
          </params>
          <reporter-output>
          </reporter-output>
        </test-method> <!-- recordFailure -->
        <test-method signature="searchAndAssertBookCategories(java.lang.String,java.lang.String)[pri:0, instance:tests.DataProviderClassHome@7bab3f1a]" started-at="2024-06-27T10:42:39 OESZ" name="searchAndAssertBookCategories" data-provider="booksDataProviderHome" finished-at="2024-06-27T10:42:44 OESZ" duration-ms="4452" status="PASS">
          <params>
            <param index="0">
              <value>
                <![CDATA[https://keybooks.ro/shop/life-in-the-garden/]]>
              </value>
            </param>
            <param index="1">
              <value>
                <![CDATA[Romans]]>
              </value>
            </param>
          </params>
          <reporter-output>
          </reporter-output>
        </test-method> <!-- searchAndAssertBookCategories -->
        <test-method signature="searchAndAssertBookCategories(java.lang.String,java.lang.String)[pri:0, instance:tests.DataProviderClassHome@7bab3f1a]" started-at="2024-06-27T10:42:44 OESZ" name="searchAndAssertBookCategories" data-provider="booksDataProviderHome" finished-at="2024-06-27T10:42:48 OESZ" duration-ms="4527" status="PASS">
          <params>
            <param index="0">
              <value>
                <![CDATA[https://keybooks.ro/shop/lonely-man-in-white-hat/]]>
              </value>
            </param>
            <param index="1">
              <value>
                <![CDATA[Romans]]>
              </value>
            </param>
          </params>
          <reporter-output>
          </reporter-output>
        </test-method> <!-- searchAndAssertBookCategories -->
        <test-method is-config="true" signature="recordFailure(org.testng.ITestResult)[pri:0, instance:tests.DataProviderClassHome@7bab3f1a]" started-at="2024-06-27T10:42:44 OESZ" name="recordFailure" finished-at="2024-06-27T10:42:44 OESZ" duration-ms="0" status="PASS">
          <params>
            <param index="0">
              <value>
                <![CDATA[[TestResult name=searchAndAssertBookCategories status=SUCCESS method=DataProviderClassHome.searchAndAssertBookCategories(java.lang.String,java.lang.String)[pri:0, instance:tests.DataProviderClassHome@7bab3f1a] output={null}]]]>
              </value>
            </param>
          </params>
          <reporter-output>
          </reporter-output>
        </test-method> <!-- recordFailure -->
        <test-method signature="searchAndAssertBookCategories(java.lang.String,java.lang.String)[pri:0, instance:tests.DataProviderClassHome@7bab3f1a]" started-at="2024-06-27T10:42:48 OESZ" name="searchAndAssertBookCategories" data-provider="booksDataProviderHome" finished-at="2024-06-27T10:42:53 OESZ" duration-ms="4511" status="PASS">
          <params>
            <param index="0">
              <value>
                <![CDATA[https://keybooks.ro/shop/the-son/]]>
              </value>
            </param>
            <param index="1">
              <value>
                <![CDATA[Romans]]>
              </value>
            </param>
          </params>
          <reporter-output>
          </reporter-output>
        </test-method> <!-- searchAndAssertBookCategories -->
        <test-method is-config="true" signature="recordFailure(org.testng.ITestResult)[pri:0, instance:tests.DataProviderClassHome@7bab3f1a]" started-at="2024-06-27T10:42:48 OESZ" name="recordFailure" finished-at="2024-06-27T10:42:48 OESZ" duration-ms="0" status="PASS">
          <params>
            <param index="0">
              <value>
                <![CDATA[[TestResult name=searchAndAssertBookCategories status=SUCCESS method=DataProviderClassHome.searchAndAssertBookCategories(java.lang.String,java.lang.String)[pri:0, instance:tests.DataProviderClassHome@7bab3f1a] output={null}]]]>
              </value>
            </param>
          </params>
          <reporter-output>
          </reporter-output>
        </test-method> <!-- recordFailure -->
        <test-method is-config="true" signature="recordFailure(org.testng.ITestResult)[pri:0, instance:tests.DataProviderClassHome@7bab3f1a]" started-at="2024-06-27T10:42:53 OESZ" name="recordFailure" finished-at="2024-06-27T10:42:53 OESZ" duration-ms="0" status="PASS">
          <params>
            <param index="0">
              <value>
                <![CDATA[[TestResult name=searchAndAssertBookCategories status=SUCCESS method=DataProviderClassHome.searchAndAssertBookCategories(java.lang.String,java.lang.String)[pri:0, instance:tests.DataProviderClassHome@7bab3f1a] output={null}]]]>
              </value>
            </param>
          </params>
          <reporter-output>
          </reporter-output>
        </test-method> <!-- recordFailure -->
        <test-method is-config="true" signature="tearDown()[pri:0, instance:tests.DataProviderClassHome@7bab3f1a]" started-at="2024-06-27T10:42:53 OESZ" name="tearDown" finished-at="2024-06-27T10:42:58 OESZ" duration-ms="5186" status="PASS">
          <reporter-output>
          </reporter-output>
        </test-method> <!-- tearDown -->
      </class> <!-- tests.DataProviderClassHome -->
    </test> <!-- test -->
  </suite> <!-- Suite1 -->
</testng-results>
